更新日志
源:Lisselde.E@outlook.com
————————————————————————
2026.6.8 R1
#01
- 初步构建软件界面
- 新增压缩功能
- 适配多语言显示
#02
- 优化界面dpi适配
- 优化信息通知样式
- 添加按钮动画与过渡样式
- 优化了按钮文字的显示逻辑，修复显示不全的问题
- 完成了压缩部分的功能构建
- 构建了程序的图标
2026.6.9
#03
- 新增功能-文件名提取
- 修复了全局路径保存读取存在的问题
- 完成了文件名提取的功能构建
#04
- 新增功能-图片处理
- 优化图片处理时的部分逻辑
- 修复了调整窗口大小出现的按钮跳动问题
————————————————————————
2026.6.10 R2
#01
- 新增全局设置按钮
- 修改保存路径为全局保存路径，移除模块中的单独配置
- 新增启动时保存路径配置弹窗
- 优化程序启动速度
#02
- 新增功能-格式转换
- 新增PDF转JPG、PNG格式选项
- 优化此界面通知横幅样式
- 优化其他模块的输出路径显示
————————————————————————
2026.6.11 R3
#01
- 新增功能-PDF处理
- 新增PDF文件拆分、合并以及压缩
- 优化了所有模块进度条显示渲染逻辑
- 优化统一了所有模块的界面布局逻辑
#02
- 新增功能-图片处理-证件照排版
- 新增多种排版预设以及相纸尺寸预设
- 排版可随意调整照片排布方式
- 证件照排版模式下，其他处理方式暂被禁用
#03
- 新增默认用户桌面设置路径
- 新增国内下载源，智能切换优化下载更新体验
————————————————————————
2026.6.13 R4
#01
- 修复了导出路径存在重复文件，会直接替换目标文件的问题
- 修复了顶栏通知横幅消息过长的问题
- 统一了各模块在顶部横幅通知只显示的信息样式
- 新增-文件哈希校验功能
- 添加了主界面的动态过渡动画
#02
- 新增功能-二维码工具
- 提供文本、URL、WiFi、名片、联系信息转换
- 新增二维码解码模式
- 新增自定义二维码样式（颜色与背景色）
- 优化界面布局显示逻辑
#03
- 新增功能-文件加密
- 支持文件加密、加密文件解密
- 优化了对于大文件加密/解密的逻辑
- 优化了大文件加密/解密时的内存逻辑
- 修复了重复名保存逻辑导致部分模块崩溃的问题
- 优化程序内存堆栈，增加稳定性
#04
- 更新了两个介绍文件的内容
#05
- 修复了gitee检查更新无法正确显示的错误
————————————————————————
2026.6.18 R5
--重要修复版本--
#01
- 新增功能-文件处理
- 合并文件名提取模块
- 新增批量重命名、批量创建
- 修复了所有模块切换语言后部分控件文字显示异常的问题
- 修复了切换语言导致的程序崩溃问题
- 修复了程序启动时偶现崩溃的问题
#02
- 更新了两个介绍文件的内容
- 发布R5构建版本
————————————————————————
2026.6.24 R6
#01
- 更新了配置文件保存路径
- 修复了哈希校验移入新文件老数据残留的问题
#02
- 新增PDF工具-转为word功能
- 移动了配置文件保存路径
————————————————————————